.Begin query: udf_union.q
spark.SparkException: Job failed: ResultTask(2, 0) failed: ExceptionFailure(com.esotericsoftware.kryo.KryoException: java.lang.RuntimeException: java.lang.ArrayStoreException: org.apache.hadoop.hive.serde2.objectinspector.primitive.PrimitiveObjectInspectorUtils$PrimitiveTypeEntry
Serialization trace:
ois (org.apache.hadoop.hive.serde2.objectinspector.StandardUnionObjectInspector)
fieldObjectInspector (org.apache.hadoop.hive.serde2.objectinspector.StandardStructObjectInspector$MyField)
fields (org.apache.hadoop.hive.serde2.objectinspector.StandardStructObjectInspector)
array (scala.collection.mutable.ArrayBuffer))
	at spark.scheduler.DAGScheduler$$anonfun$abortStage$1.apply(DAGScheduler.scala:629)
	at spark.scheduler.DAGScheduler$$anonfun$abortStage$1.apply(DAGScheduler.scala:627)
	at scala.collection.mutable.ResizableArray$class.foreach(ResizableArray.scala:60)
	at scala.collection.mutable.ArrayBuffer.foreach(ArrayBuffer.scala:47)
	at spark.scheduler.DAGScheduler.abortStage(DAGScheduler.scala:627)
	at spark.scheduler.DAGScheduler.handleTaskCompletion(DAGScheduler.scala:588)
	at spark.scheduler.DAGScheduler.processEvent(DAGScheduler.scala:294)
	at spark.scheduler.DAGScheduler.spark$scheduler$DAGScheduler$$run(DAGScheduler.scala:358)
	at spark.scheduler.DAGScheduler$$anon$1.run(DAGScheduler.scala:102)
Exception: Client Execution failed with error code = -101
See build/ql/tmp/hive.log, or try "ant test ... -Dtest.silent=false" to get more logs.
junit.framework.AssertionFailedError: Client Execution failed with error code = -101
See build/ql/tmp/hive.log, or try "ant test ... -Dtest.silent=false" to get more logs.
	at junit.framework.Assert.fail(Assert.java:50)
	at org.apache.hadoop.hive.cli.TestCliDriver.testCliDriver_udf_union(TestCliDriver.java:50651)
	at sun.reflect.NativeMethodAccessorImpl.invoke0(Native Method)
	at sun.reflect.NativeMethodAccessorImpl.invoke(NativeMethodAccessorImpl.java:57)
	at sun.reflect.DelegatingMethodAccessorImpl.invoke(DelegatingMethodAccessorImpl.java:43)
	at java.lang.reflect.Method.invoke(Method.java:616)
	at junit.framework.TestCase.runTest(TestCase.java:168)
	at junit.framework.TestCase.runBare(TestCase.java:134)
	at junit.framework.TestResult$1.protect(TestResult.java:110)
	at junit.framework.TestResult.runProtected(TestResult.java:128)
	at junit.framework.TestResult.run(TestResult.java:113)
	at junit.framework.TestCase.run(TestCase.java:124)
	at junit.framework.TestSuite.runTest(TestSuite.java:243)
	at junit.framework.TestSuite.run(TestSuite.java:238)
	at junit.textui.TestRunner.doRun(TestRunner.java:116)
	at junit.textui.TestRunner.start(TestRunner.java:180)
	at junit.textui.TestRunner.main(TestRunner.java:138)
Failed query: udf_union.q
