F.Begin query: udf_percentile.q
488.038: [GC 3973328K->138086K(12410752K), 0.2156140 secs]
Comparing: /root/hive-0.10.0/build/ql/test/logs/clientpositive/udf_percentile.q.out /root/hive-0.10.0/ql/src/test/results/clientpositive/udf_percentile.q.out
"diff" "-a" "-I" "PREHOOK" "-I" "POSTHOOK" <(sort /root/hive-0.10.0/build/ql/test/logs/clientpositive/udf_percentile.q.out | perl -p -e 's/(\d\.\d{5})\d*/\1/g;' -e 's/\s+$/\n/g') <(sort /root/hive-0.10.0/ql/src/test/results/clientpositive/udf_percentile.q.out | perl -p -e 's/(\d\.\d{5})\d*/\1/g;' -e 's/\s+$/\n/g')
Exception: Cannot run program "bash": java.io.IOException: error=12, Cannot allocate memory
java.io.IOException: Cannot run program "bash": java.io.IOException: error=12, Cannot allocate memory
	at java.lang.ProcessBuilder.start(ProcessBuilder.java:475)
	at java.lang.Runtime.exec(Runtime.java:610)
	at java.lang.Runtime.exec(Runtime.java:483)
	at shark.SharkQTestUtil.checkCliDriverResults(SharkQTestUtil.java:155)
	at org.apache.hadoop.hive.cli.TestCliDriver.testCliDriver_udf_percentile(TestCliDriver.java:48221)
	at sun.reflect.NativeMethodAccessorImpl.invoke0(Native Method)
	at sun.reflect.NativeMethodAccessorImpl.invoke(NativeMethodAccessorImpl.java:57)
	at sun.reflect.DelegatingMethodAccessorImpl.invoke(DelegatingMethodAccessorImpl.java:43)
	at java.lang.reflect.Method.invoke(Method.java:616)
	at junit.framework.TestCase.runTest(TestCase.java:168)
	at junit.framework.TestCase.runBare(TestCase.java:134)
	at junit.framework.TestResult$1.protect(TestResult.java:110)
	at junit.framework.TestResult.runProtected(TestResult.java:128)
	at junit.framework.TestResult.run(TestResult.java:113)
	at junit.framework.TestCase.run(TestCase.java:124)
	at junit.framework.TestSuite.runTest(TestSuite.java:243)
	at junit.framework.TestSuite.run(TestSuite.java:238)
	at junit.textui.TestRunner.doRun(TestRunner.java:116)
	at junit.textui.TestRunner.start(TestRunner.java:180)
	at junit.textui.TestRunner.main(TestRunner.java:138)
Caused by: java.io.IOException: java.io.IOException: error=12, Cannot allocate memory
	at java.lang.UNIXProcess.<init>(UNIXProcess.java:164)
	at java.lang.ProcessImpl.start(ProcessImpl.java:81)
	at java.lang.ProcessBuilder.start(ProcessBuilder.java:468)
	... 19 more
Failed query: udf_percentile.q
F
Time: 477.032
There were 6 failures:
1) testCliDriver_print_header(org.apache.hadoop.hive.cli.TestCliDriver)junit.framework.AssertionFailedError: Unexpected exception
See build/ql/tmp/hive.log, or try "ant test ... -Dtest.silent=false" to get more logs.
	at org.apache.hadoop.hive.cli.TestCliDriver.testCliDriver_print_header(TestCliDriver.java:33901)
	at sun.reflect.NativeMethodAccessorImpl.invoke0(Native Method)
	at sun.reflect.NativeMethodAccessorImpl.invoke(NativeMethodAccessorImpl.java:57)
	at sun.reflect.DelegatingMethodAccessorImpl.invoke(DelegatingMethodAccessorImpl.java:43)
2) testCliDriver_stats7(org.apache.hadoop.hive.cli.TestCliDriver)junit.framework.AssertionFailedError: Unexpected exception
See build/ql/tmp/hive.log, or try "ant test ... -Dtest.silent=false" to get more logs.
	at org.apache.hadoop.hive.cli.TestCliDriver.testCliDriver_stats7(TestCliDriver.java:40786)
	at sun.reflect.NativeMethodAccessorImpl.invoke0(Native Method)
	at sun.reflect.NativeMethodAccessorImpl.invoke(NativeMethodAccessorImpl.java:57)
	at sun.reflect.DelegatingMethodAccessorImpl.invoke(DelegatingMethodAccessorImpl.java:43)
3) testCliDriver_stats8(org.apache.hadoop.hive.cli.TestCliDriver)junit.framework.AssertionFailedError: Unexpected exception
See build/ql/tmp/hive.log, or try "ant test ... -Dtest.silent=false" to get more logs.
	at org.apache.hadoop.hive.cli.TestCliDriver.testCliDriver_stats8(TestCliDriver.java:40837)
	at sun.reflect.NativeMethodAccessorImpl.invoke0(Native Method)
	at sun.reflect.NativeMethodAccessorImpl.invoke(NativeMethodAccessorImpl.java:57)
	at sun.reflect.DelegatingMethodAccessorImpl.invoke(DelegatingMethodAccessorImpl.java:43)
4) testCliDriver_stats9(org.apache.hadoop.hive.cli.TestCliDriver)junit.framework.AssertionFailedError: Unexpected exception
See build/ql/tmp/hive.log, or try "ant test ... -Dtest.silent=false" to get more logs.
	at org.apache.hadoop.hive.cli.TestCliDriver.testCliDriver_stats9(TestCliDriver.java:40888)
	at sun.reflect.NativeMethodAccessorImpl.invoke0(Native Method)
	at sun.reflect.NativeMethodAccessorImpl.invoke(NativeMethodAccessorImpl.java:57)
	at sun.reflect.DelegatingMethodAccessorImpl.invoke(DelegatingMethodAccessorImpl.java:43)
5) testCliDriver_udf_concat_ws(org.apache.hadoop.hive.cli.TestCliDriver)junit.framework.AssertionFailedError: Unexpected exception
See build/ql/tmp/hive.log, or try "ant test ... -Dtest.silent=false" to get more logs.
	at org.apache.hadoop.hive.cli.TestCliDriver.testCliDriver_udf_concat_ws(TestCliDriver.java:44713)
	at sun.reflect.NativeMethodAccessorImpl.invoke0(Native Method)
	at sun.reflect.NativeMethodAccessorImpl.invoke(NativeMethodAccessorImpl.java:57)
	at sun.reflect.DelegatingMethodAccessorImpl.invoke(DelegatingMethodAccessorImpl.java:43)
6) testCliDriver_udf_percentile(org.apache.hadoop.hive.cli.TestCliDriver)junit.framework.AssertionFailedError: Unexpected exception
See build/ql/tmp/hive.log, or try "ant test ... -Dtest.silent=false" to get more logs.
	at org.apache.hadoop.hive.cli.TestCliDriver.testCliDriver_udf_percentile(TestCliDriver.java:48232)
	at sun.reflect.NativeMethodAccessorImpl.invoke0(Native Method)
	at sun.reflect.NativeMethodAccessorImpl.invoke(NativeMethodAccessorImpl.java:57)
	at sun.reflect.DelegatingMethodAccessorImpl.invoke(DelegatingMethodAccessorImpl.java:43)

FAILURES!!!
Tests run: 24,  Failures: 6,  Errors: 0

