.Begin query: udtf_json_tuple.q
Deleted hdfs://localhost:8020/root/hive-0.10.0/build/ql/test/data/warehouse/json_t
spark.SparkException: Job failed: ResultTask(75, 0) failed: ExceptionFailure(java.lang.RuntimeException: cannot find field jstring from [0:key])
	at spark.scheduler.DAGScheduler$$anonfun$abortStage$1.apply(DAGScheduler.scala:629)
	at spark.scheduler.DAGScheduler$$anonfun$abortStage$1.apply(DAGScheduler.scala:627)
	at scala.collection.mutable.ResizableArray$class.foreach(ResizableArray.scala:60)
	at scala.collection.mutable.ArrayBuffer.foreach(ArrayBuffer.scala:47)
	at spark.scheduler.DAGScheduler.abortStage(DAGScheduler.scala:627)
	at spark.scheduler.DAGScheduler.handleTaskCompletion(DAGScheduler.scala:588)
	at spark.scheduler.DAGScheduler.processEvent(DAGScheduler.scala:294)
	at spark.scheduler.DAGScheduler.spark$scheduler$DAGScheduler$$run(DAGScheduler.scala:358)
	at spark.scheduler.DAGScheduler$$anon$1.run(DAGScheduler.scala:102)
Exception: Client Execution failed with error code = -101
See build/ql/tmp/hive.log, or try "ant test ... -Dtest.silent=false" to get more logs.
junit.framework.AssertionFailedError: Client Execution failed with error code = -101
See build/ql/tmp/hive.log, or try "ant test ... -Dtest.silent=false" to get more logs.
	at junit.framework.Assert.fail(Assert.java:50)
	at org.apache.hadoop.hive.cli.TestCliDriver.testCliDriver_udtf_json_tuple(TestCliDriver.java:51518)
	at sun.reflect.NativeMethodAccessorImpl.invoke0(Native Method)
	at sun.reflect.NativeMethodAccessorImpl.invoke(NativeMethodAccessorImpl.java:57)
	at sun.reflect.DelegatingMethodAccessorImpl.invoke(DelegatingMethodAccessorImpl.java:43)
	at java.lang.reflect.Method.invoke(Method.java:616)
	at junit.framework.TestCase.runTest(TestCase.java:168)
	at junit.framework.TestCase.runBare(TestCase.java:134)
	at junit.framework.TestResult$1.protect(TestResult.java:110)
	at junit.framework.TestResult.runProtected(TestResult.java:128)
	at junit.framework.TestResult.run(TestResult.java:113)
	at junit.framework.TestCase.run(TestCase.java:124)
	at junit.framework.TestSuite.runTest(TestSuite.java:243)
	at junit.framework.TestSuite.run(TestSuite.java:238)
	at junit.textui.TestRunner.doRun(TestRunner.java:116)
	at junit.textui.TestRunner.start(TestRunner.java:180)
	at junit.textui.TestRunner.main(TestRunner.java:138)
Failed query: udtf_json_tuple.q
