.Begin query: updateAccessTime.q
Exception: Client Execution failed with error code = 10
See build/ql/tmp/hive.log, or try "ant test ... -Dtest.silent=false" to get more logs.
junit.framework.AssertionFailedError: Client Execution failed with error code = 10
See build/ql/tmp/hive.log, or try "ant test ... -Dtest.silent=false" to get more logs.
	at junit.framework.Assert.fail(Assert.java:50)
	at org.apache.hadoop.hive.cli.TestCliDriver.testCliDriver_updateAccessTime(TestCliDriver.java:54833)
	at sun.reflect.NativeMethodAccessorImpl.invoke0(Native Method)
	at sun.reflect.NativeMethodAccessorImpl.invoke(NativeMethodAccessorImpl.java:57)
	at sun.reflect.DelegatingMethodAccessorImpl.invoke(DelegatingMethodAccessorImpl.java:43)
	at java.lang.reflect.Method.invoke(Method.java:616)
	at junit.framework.TestCase.runTest(TestCase.java:168)
	at junit.framework.TestCase.runBare(TestCase.java:134)
	at junit.framework.TestResult$1.protect(TestResult.java:110)
	at junit.framework.TestResult.runProtected(TestResult.java:128)
	at junit.framework.TestResult.run(TestResult.java:113)
	at junit.framework.TestCase.run(TestCase.java:124)
	at junit.framework.TestSuite.runTest(TestSuite.java:243)
	at junit.framework.TestSuite.run(TestSuite.java:238)
	at junit.textui.TestRunner.doRun(TestRunner.java:116)
	at junit.textui.TestRunner.start(TestRunner.java:180)
	at junit.textui.TestRunner.main(TestRunner.java:138)
Failed query: updateAccessTime.q
F.Cleaning up TestCliDriver

Time: 115.234
There were 3 failures:
1) testCliDriver_groupby1(org.apache.hadoop.hive.cli.TestCliDriver)junit.framework.AssertionFailedError: Unexpected exception
See build/ql/tmp/hive.log, or try "ant test ... -Dtest.silent=false" to get more logs.
	at org.apache.hadoop.hive.cli.TestCliDriver.testCliDriver_groupby1(TestCliDriver.java:13297)
	at sun.reflect.NativeMethodAccessorImpl.invoke0(Native Method)
	at sun.reflect.NativeMethodAccessorImpl.invoke(NativeMethodAccessorImpl.java:57)
	at sun.reflect.DelegatingMethodAccessorImpl.invoke(DelegatingMethodAccessorImpl.java:43)
2) testCliDriver_groupby1_limit(org.apache.hadoop.hive.cli.TestCliDriver)junit.framework.AssertionFailedError: Unexpected exception
See build/ql/tmp/hive.log, or try "ant test ... -Dtest.silent=false" to get more logs.
	at org.apache.hadoop.hive.cli.TestCliDriver.testCliDriver_groupby1_limit(TestCliDriver.java:13450)
	at sun.reflect.NativeMethodAccessorImpl.invoke0(Native Method)
	at sun.reflect.NativeMethodAccessorImpl.invoke(NativeMethodAccessorImpl.java:57)
	at sun.reflect.DelegatingMethodAccessorImpl.invoke(DelegatingMethodAccessorImpl.java:43)
3) testCliDriver_updateAccessTime(org.apache.hadoop.hive.cli.TestCliDriver)junit.framework.AssertionFailedError: Unexpected exception
See build/ql/tmp/hive.log, or try "ant test ... -Dtest.silent=false" to get more logs.
	at org.apache.hadoop.hive.cli.TestCliDriver.testCliDriver_updateAccessTime(TestCliDriver.java:54862)
	at sun.reflect.NativeMethodAccessorImpl.invoke0(Native Method)
	at sun.reflect.NativeMethodAccessorImpl.invoke(NativeMethodAccessorImpl.java:57)
	at sun.reflect.DelegatingMethodAccessorImpl.invoke(DelegatingMethodAccessorImpl.java:43)

FAILURES!!!
Tests run: 24,  Failures: 3,  Errors: 0

